<?xml version="1.0" encoding="UTF-8"?>
<testng-results skipped="5" failed="0" total="5" passed="0">
  <reporter-output>
  </reporter-output>
  <suite name="Default suite" duration-ms="229" started-at="2020-02-28T05:11:07Z" finished-at="2020-02-28T05:11:08Z">
    <groups>
    </groups>
    <test name="Default test" duration-ms="229" started-at="2020-02-28T05:11:07Z" finished-at="2020-02-28T05:11:08Z">
      <class name="Excel">
        <test-method status="FAIL" signature="testSetup()[pri:0, instance:Excel@5ae9a829]" name="testSetup" is-config="true" duration-ms="0" started-at="2020-02-28T10:41:07Z" finished-at="2020-02-28T10:41:07Z">
          <exception class="java.lang.IllegalStateException">
            <message>
              <![CDATA[The path to the driver executable must be set by the webdriver.gecko.driver system property; for more information, see https://github.com/mozilla/geckodriver. The latest version can be downloaded from https://github.com/mozilla/geckodriver/releases]]>
            </message>
            <full-stacktrace>
              <![CDATA[java.lang.IllegalStateException: The path to the driver executable must be set by the webdriver.gecko.driver system property; for more information, see https://github.com/mozilla/geckodriver. The latest version can be downloaded from https://github.com/mozilla/geckodriver/releases
	at com.google.common.base.Preconditions.checkState(Preconditions.java:847)
	at org.openqa.selenium.remote.service.DriverService.findExecutable(DriverService.java:134)
	at org.openqa.selenium.firefox.GeckoDriverService.access$100(GeckoDriverService.java:44)
	at org.openqa.selenium.firefox.GeckoDriverService$Builder.findDefaultExecutable(GeckoDriverService.java:167)
	at org.openqa.selenium.remote.service.DriverService$Builder.build(DriverService.java:355)
	at org.openqa.selenium.firefox.FirefoxDriver.toExecutor(FirefoxDriver.java:190)
	at org.openqa.selenium.firefox.FirefoxDriver.<init>(FirefoxDriver.java:147)
	at org.openqa.selenium.firefox.FirefoxDriver.<init>(FirefoxDriver.java:125)
	at Excel.testSetup(Excel.java:34)
	at sun.reflect.NativeMethodAccessorImpl.invoke0(Native Method)
	at sun.reflect.NativeMethodAccessorImpl.invoke(NativeMethodAccessorImpl.java:62)
	at sun.reflect.DelegatingMethodAccessorImpl.invoke(DelegatingMethodAccessorImpl.java:43)
	at java.lang.reflect.Method.invoke(Method.java:498)
	at org.testng.internal.MethodInvocationHelper.invokeMethod(MethodInvocationHelper.java:80)
	at org.testng.internal.Invoker.invokeConfigurationMethod(Invoker.java:564)
	at org.testng.internal.Invoker.invokeConfigurations(Invoker.java:213)
	at org.testng.internal.Invoker.invokeConfigurations(Invoker.java:138)
	at org.testng.internal.TestMethodWorker.invokeBeforeClassMethods(TestMethodWorker.java:175)
	at org.testng.internal.TestMethodWorker.run(TestMethodWorker.java:107)
	at org.testng.TestRunner.privateRun(TestRunner.java:767)
	at org.testng.TestRunner.run(TestRunner.java:617)
	at org.testng.SuiteRunner.runTest(SuiteRunner.java:334)
	at org.testng.SuiteRunner.runSequentially(SuiteRunner.java:329)
	at org.testng.SuiteRunner.privateRun(SuiteRunner.java:291)
	at org.testng.SuiteRunner.run(SuiteRunner.java:240)
	at org.testng.SuiteRunnerWorker.runSuite(SuiteRunnerWorker.java:51)
	at org.testng.SuiteRunnerWorker.run(SuiteRunnerWorker.java:85)
	at org.testng.TestNG.runSuitesSequentially(TestNG.java:1197)
	at org.testng.TestNG.runSuitesLocally(TestNG.java:1122)
	at org.testng.TestNG.run(TestNG.java:1030)
	at org.testng.remote.AbstractRemoteTestNG.run(AbstractRemoteTestNG.java:132)
	at org.testng.remote.RemoteTestNG.initAndRun(RemoteTestNG.java:236)
	at org.testng.remote.RemoteTestNG.main(RemoteTestNG.java:81)
]]>
            </full-stacktrace>
          </exception> <!-- java.lang.IllegalStateException -->
          <reporter-output>
          </reporter-output>
        </test-method> <!-- testSetup -->
        <test-method status="SKIP" signature="VerifyInvalidLogin(java.lang.String, java.lang.String)[pri:0, instance:Excel@5ae9a829]" name="VerifyInvalidLogin" duration-ms="1" started-at="2020-02-28T10:41:08Z" data-provider="empLogin" finished-at="2020-02-28T10:41:08Z">
          <params>
            <param index="0">
              <value>
                <![CDATA[User1]]>
              </value>
            </param>
            <param index="1">
              <value>
                <![CDATA[Password1]]>
              </value>
            </param>
          </params>
          <reporter-output>
          </reporter-output>
        </test-method> <!-- VerifyInvalidLogin -->
        <test-method status="SKIP" signature="VerifyInvalidLogin(java.lang.String, java.lang.String)[pri:0, instance:Excel@5ae9a829]" name="VerifyInvalidLogin" duration-ms="1" started-at="2020-02-28T10:41:08Z" data-provider="empLogin" finished-at="2020-02-28T10:41:08Z">
          <params>
            <param index="0">
              <value>
                <![CDATA[User2]]>
              </value>
            </param>
            <param index="1">
              <value>
                <![CDATA[Password2]]>
              </value>
            </param>
          </params>
          <reporter-output>
          </reporter-output>
        </test-method> <!-- VerifyInvalidLogin -->
        <test-method status="SKIP" signature="VerifyInvalidLogin(java.lang.String, java.lang.String)[pri:0, instance:Excel@5ae9a829]" name="VerifyInvalidLogin" duration-ms="1" started-at="2020-02-28T10:41:08Z" data-provider="empLogin" finished-at="2020-02-28T10:41:08Z">
          <params>
            <param index="0">
              <value>
                <![CDATA[User3]]>
              </value>
            </param>
            <param index="1">
              <value>
                <![CDATA[Password3]]>
              </value>
            </param>
          </params>
          <reporter-output>
          </reporter-output>
        </test-method> <!-- VerifyInvalidLogin -->
        <test-method status="SKIP" signature="VerifyInvalidLogin(java.lang.String, java.lang.String)[pri:0, instance:Excel@5ae9a829]" name="VerifyInvalidLogin" duration-ms="0" started-at="2020-02-28T10:41:08Z" data-provider="empLogin" finished-at="2020-02-28T10:41:08Z">
          <params>
            <param index="0">
              <value>
                <![CDATA[User4]]>
              </value>
            </param>
            <param index="1">
              <value>
                <![CDATA[Password4]]>
              </value>
            </param>
          </params>
          <reporter-output>
          </reporter-output>
        </test-method> <!-- VerifyInvalidLogin -->
        <test-method status="SKIP" signature="VerifyInvalidLogin(java.lang.String, java.lang.String)[pri:0, instance:Excel@5ae9a829]" name="VerifyInvalidLogin" duration-ms="1" started-at="2020-02-28T10:41:08Z" data-provider="empLogin" finished-at="2020-02-28T10:41:08Z">
          <params>
            <param index="0">
              <value>
                <![CDATA[User5]]>
              </value>
            </param>
            <param index="1">
              <value>
                <![CDATA[Password5]]>
              </value>
            </param>
          </params>
          <reporter-output>
          </reporter-output>
        </test-method> <!-- VerifyInvalidLogin -->
        <test-method status="SKIP" signature="tearDown()[pri:0, instance:Excel@5ae9a829]" name="tearDown" is-config="true" duration-ms="0" started-at="2020-02-28T10:41:08Z" finished-at="2020-02-28T10:41:08Z">
          <reporter-output>
          </reporter-output>
        </test-method> <!-- tearDown -->
      </class> <!-- Excel -->
    </test> <!-- Default test -->
  </suite> <!-- Default suite -->
</testng-results>
